<?xml version="1.0" encoding="UTF-8"?>
<testng-results ignored="0" total="2" passed="1" failed="1" skipped="0">
  <reporter-output>
  </reporter-output>
  <suite started-at="2021-11-09T18:46:58 IST" name="Default suite" finished-at="2021-11-09T18:47:02 IST" duration-ms="4419">
    <groups>
    </groups>
    <test started-at="2021-11-09T18:46:58 IST" name="Default test" finished-at="2021-11-09T18:47:02 IST" duration-ms="4419">
      <class name="CreatAccount">
        <test-method is-config="true" signature="setUp()[pri:0, instance:CreatAccount@6293abcc]" started-at="2021-11-09T18:46:58 IST" name="setUp" finished-at="2021-11-09T18:47:01 IST" duration-ms="3054" status="PASS">
          <reporter-output>
          </reporter-output>
        </test-method> <!-- setUp -->
        <test-method signature="createAccountWithValiddata()[pri:0, instance:CreatAccount@6293abcc]" started-at="2021-11-09T18:47:01 IST" name="createAccountWithValiddata" finished-at="2021-11-09T18:47:01 IST" duration-ms="37" status="FAIL">
          <exception class="org.openqa.selenium.NoSuchElementException">
            <message>
              <![CDATA[no such element: Unable to locate element: {"method":"css selector","selector":"#__next > div > div > div > div.css-1dbjc4n.r-kemksi.r-6koalj.r-1oknz3f > div > div.css-1dbjc4n.r-1awozwy.r-3pxcvb.r-qklmqi.r-1loqt21.r-18u37iz.r-1x35g6.r-1pi2tsx.r-1777fci.r-4wgw6l.r-mzo9nz.r-1otgn73.r-1i6wzkk.r-lrvibr.r-1qho19y > div.css-901oao.r-jwli3a.r-1x35g6.r-majxgm.r-zso239"}
  (Session info: chrome=95.0.4638.69)
For documentation on this error, please visit: https://www.seleniumhq.org/exceptions/no_such_element.html
Build info: version: '3.141.59', revision: 'e82be7d358', time: '2018-11-14T08:17:03'
System info: host: 'Srinivass-MacBook-Pro.local', ip: '2405:204:54a9:b28c:6069:5307:ea1a:5355%en0', os.name: 'Mac OS X', os.arch: 'x86_64', os.version: '11.5', java.version: '16.0.1'
Driver info: org.openqa.selenium.chrome.ChromeDriver
Capabilities {acceptInsecureCerts: false, browserName: chrome, browserVersion: 95.0.4638.69, chrome: {chromedriverVersion: 95.0.4638.69 (6a1600ed572fe..., userDataDir: /var/folders/w0/1kh230rn0p9...}, goog:chromeOptions: {debuggerAddress: localhost:57918}, javascriptEnabled: true, networkConnectionEnabled: false, pageLoadStrategy: normal, platform: MAC, platformName: MAC, proxy: Proxy(), setWindowRect: true, strictFileInteractability: false, timeouts: {implicit: 0, pageLoad: 300000, script: 30000}, unhandledPromptBehavior: dismiss and notify, webauthn:extension:credBlob: true, webauthn:extension:largeBlob: true, webauthn:virtualAuthenticators: true}
Session ID: cef62ecedabfdb51ffbdd6900a9fc0f6
*** Element info: {Using=css selector, value=#__next > div > div > div > div.css-1dbjc4n.r-kemksi.r-6koalj.r-1oknz3f > div > div.css-1dbjc4n.r-1awozwy.r-3pxcvb.r-qklmqi.r-1loqt21.r-18u37iz.r-1x35g6.r-1pi2tsx.r-1777fci.r-4wgw6l.r-mzo9nz.r-1otgn73.r-1i6wzkk.r-lrvibr.r-1qho19y > div.css-901oao.r-jwli3a.r-1x35g6.r-majxgm.r-zso239}]]>
            </message>
            <full-stacktrace>
              <![CDATA[org.openqa.selenium.NoSuchElementException: no such element: Unable to locate element: {"method":"css selector","selector":"#__next > div > div > div > div.css-1dbjc4n.r-kemksi.r-6koalj.r-1oknz3f > div > div.css-1dbjc4n.r-1awozwy.r-3pxcvb.r-qklmqi.r-1loqt21.r-18u37iz.r-1x35g6.r-1pi2tsx.r-1777fci.r-4wgw6l.r-mzo9nz.r-1otgn73.r-1i6wzkk.r-lrvibr.r-1qho19y > div.css-901oao.r-jwli3a.r-1x35g6.r-majxgm.r-zso239"}
  (Session info: chrome=95.0.4638.69)
For documentation on this error, please visit: https://www.seleniumhq.org/exceptions/no_such_element.html
Build info: version: '3.141.59', revision: 'e82be7d358', time: '2018-11-14T08:17:03'
System info: host: 'Srinivass-MacBook-Pro.local', ip: '2405:204:54a9:b28c:6069:5307:ea1a:5355%en0', os.name: 'Mac OS X', os.arch: 'x86_64', os.version: '11.5', java.version: '16.0.1'
Driver info: org.openqa.selenium.chrome.ChromeDriver
Capabilities {acceptInsecureCerts: false, browserName: chrome, browserVersion: 95.0.4638.69, chrome: {chromedriverVersion: 95.0.4638.69 (6a1600ed572fe..., userDataDir: /var/folders/w0/1kh230rn0p9...}, goog:chromeOptions: {debuggerAddress: localhost:57918}, javascriptEnabled: true, networkConnectionEnabled: false, pageLoadStrategy: normal, platform: MAC, platformName: MAC, proxy: Proxy(), setWindowRect: true, strictFileInteractability: false, timeouts: {implicit: 0, pageLoad: 300000, script: 30000}, unhandledPromptBehavior: dismiss and notify, webauthn:extension:credBlob: true, webauthn:extension:largeBlob: true, webauthn:virtualAuthenticators: true}
Session ID: cef62ecedabfdb51ffbdd6900a9fc0f6
*** Element info: {Using=css selector, value=#__next > div > div > div > div.css-1dbjc4n.r-kemksi.r-6koalj.r-1oknz3f > div > div.css-1dbjc4n.r-1awozwy.r-3pxcvb.r-qklmqi.r-1loqt21.r-18u37iz.r-1x35g6.r-1pi2tsx.r-1777fci.r-4wgw6l.r-mzo9nz.r-1otgn73.r-1i6wzkk.r-lrvibr.r-1qho19y > div.css-901oao.r-jwli3a.r-1x35g6.r-majxgm.r-zso239}
at java.base/jdk.internal.reflect.NativeConstructorAccessorImpl.newInstance0(Native Method)
at java.base/jdk.internal.reflect.NativeConstructorAccessorImpl.newInstance(NativeConstructorAccessorImpl.java:78)
at java.base/jdk.internal.reflect.DelegatingConstructorAccessorImpl.newInstance(DelegatingConstructorAccessorImpl.java:45)
at java.base/java.lang.reflect.Constructor.newInstanceWithCaller(Constructor.java:499)
at java.base/java.lang.reflect.Constructor.newInstance(Constructor.java:480)
at org.openqa.selenium.remote.http.W3CHttpResponseCodec.createException(W3CHttpResponseCodec.java:187)
at org.openqa.selenium.remote.http.W3CHttpResponseCodec.decode(W3CHttpResponseCodec.java:122)
at org.openqa.selenium.remote.http.W3CHttpResponseCodec.decode(W3CHttpResponseCodec.java:49)
at org.openqa.selenium.remote.HttpCommandExecutor.execute(HttpCommandExecutor.java:158)
at org.openqa.selenium.remote.service.DriverCommandExecutor.execute(DriverCommandExecutor.java:83)
at org.openqa.selenium.remote.RemoteWebDriver.execute(RemoteWebDriver.java:552)
at org.openqa.selenium.remote.RemoteWebDriver.findElement(RemoteWebDriver.java:323)
at org.openqa.selenium.remote.RemoteWebDriver.findElementByCssSelector(RemoteWebDriver.java:420)
at org.openqa.selenium.By$ByCssSelector.findElement(By.java:431)
at org.openqa.selenium.remote.RemoteWebDriver.findElement(RemoteWebDriver.java:315)
at CreatAccount.createAccountWithValiddata(CreatAccount.java:17)
at java.base/jdk.internal.reflect.NativeMethodAccessorImpl.invoke0(Native Method)
at java.base/jdk.internal.reflect.NativeMethodAccessorImpl.invoke(NativeMethodAccessorImpl.java:78)
at java.base/jdk.internal.reflect.DelegatingMethodAccessorImpl.invoke(DelegatingMethodAccessorImpl.java:43)
at java.base/java.lang.reflect.Method.invoke(Method.java:567)
at org.testng.internal.MethodInvocationHelper.invokeMethod(MethodInvocationHelper.java:133)
at org.testng.internal.TestInvoker.invokeMethod(TestInvoker.java:598)
at org.testng.internal.TestInvoker.invokeTestMethod(TestInvoker.java:173)
at org.testng.internal.MethodRunner.runInSequence(MethodRunner.java:46)
at org.testng.internal.TestInvoker$MethodInvocationAgent.invoke(TestInvoker.java:824)
at org.testng.internal.TestInvoker.invokeTestMethods(TestInvoker.java:146)
at org.testng.internal.TestMethodWorker.invokeTestMethods(TestMethodWorker.java:146)
at org.testng.internal.TestMethodWorker.run(TestMethodWorker.java:128)
at java.base/java.util.ArrayList.forEach(ArrayList.java:1511)
at org.testng.TestRunner.privateRun(TestRunner.java:794)
at org.testng.TestRunner.run(TestRunner.java:596)
at org.testng.SuiteRunner.runTest(SuiteRunner.java:377)
at org.testng.SuiteRunner.runSequentially(SuiteRunner.java:371)
at org.testng.SuiteRunner.privateRun(SuiteRunner.java:332)
at org.testng.SuiteRunner.run(SuiteRunner.java:276)
at org.testng.SuiteRunnerWorker.runSuite(SuiteRunnerWorker.java:53)
at org.testng.SuiteRunnerWorker.run(SuiteRunnerWorker.java:96)
at org.testng.TestNG.runSuitesSequentially(TestNG.java:1212)
at org.testng.TestNG.runSuitesLocally(TestNG.java:1134)
at org.testng.TestNG.runSuites(TestNG.java:1063)
at org.testng.TestNG.run(TestNG.java:1031)
at org.testng.remote.AbstractRemoteTestNG.run(AbstractRemoteTestNG.java:115)
at org.testng.remote.RemoteTestNG.initAndRun(RemoteTestNG.java:251)
at org.testng.remote.RemoteTestNG.main(RemoteTestNG.java:77)
]]>
            </full-stacktrace>
          </exception> <!-- org.openqa.selenium.NoSuchElementException -->
          <reporter-output>
          </reporter-output>
        </test-method> <!-- createAccountWithValiddata -->
        <test-method signature="launchBrowser()[pri:0, instance:CreatAccount@6293abcc]" started-at="2021-11-09T18:47:01 IST" name="launchBrowser" finished-at="2021-11-09T18:47:02 IST" duration-ms="1260" status="PASS">
          <reporter-output>
          </reporter-output>
        </test-method> <!-- launchBrowser -->
      </class> <!-- CreatAccount -->
    </test> <!-- Default test -->
  </suite> <!-- Default suite -->
</testng-results>
